

Microchip MPLAB XC8 Assembler V2.41 build 20230208172133 
                                                                                                           Thu Dec 21 08:20:40 2023


     1                           	processor	18F4580
     2                           	pagewidth 132
     3                           	psect	const,global,reloc=2,class=CONST,delta=1,noexec
     4                           	psect	smallconst,global,reloc=2,class=SMALLCONST,delta=1,noexec
     5                           	psect	mediumconst,global,reloc=2,class=MEDIUMCONST,delta=1,noexec
     6                           	psect	rbss,global,class=COMRAM,space=1,delta=1,noexec
     7                           	psect	bss,global,class=RAM,space=1,delta=1,noexec
     8                           	psect	rdata,global,class=COMRAM,space=1,delta=1,noexec
     9                           	psect	irdata,global,reloc=2,class=CODE,delta=1,noexec
    10                           	psect	data,global,class=RAM,space=1,delta=1,noexec
    11                           	psect	idata,global,reloc=2,class=CODE,delta=1,noexec
    12                           	psect	nvrram,global,class=COMRAM,space=1,delta=1,noexec
    13                           	psect	nvbit,global,bit,class=COMRAM,space=1,delta=1,noexec
    14                           	psect	temp,global,ovrld,class=COMRAM,space=1,delta=1,noexec
    15                           	psect	struct,global,ovrld,class=COMRAM,space=1,delta=1,noexec
    16                           	psect	rbit,global,bit,class=COMRAM,space=1,delta=1,noexec
    17                           	psect	bigbss,global,class=BIGRAM,space=1,delta=1,noexec
    18                           	psect	bigdata,global,class=BIGRAM,space=1,delta=1,noexec
    19                           	psect	ibigdata,global,reloc=2,class=CODE,delta=1,noexec
    20                           	psect	farbss,global,reloc=2,class=FARRAM,delta=1,noexec
    21                           	psect	nvFARRAM,global,reloc=2,class=FARRAM,delta=1,noexec
    22                           	psect	fardata,global,reloc=2,class=FARRAM,delta=1,noexec
    23                           	psect	ifardata,global,reloc=2,class=CODE,delta=1,noexec
    24                           	psect	reset_vec,global,reloc=2,class=CODE,delta=1
    25                           	psect	powerup,global,reloc=2,class=CODE,delta=1
    26                           	psect	init,global,reloc=2,class=CODE,delta=1
    27                           	psect	text,global,reloc=2,class=CODE,delta=1
    28                           	psect	clrtext,global,reloc=2,class=CODE,delta=1
    29                           	psect	config,global,class=CONFIG,space=4,delta=1,noexec
    30                           	psect	idloc,global,class=IDLOC,space=5,delta=1,noexec
    31                           	psect	intcode,global,reloc=2,class=CODE,delta=1
    32                           	psect	intcode_body,global,reloc=2,class=CODE,delta=1
    33                           	psect	intcodelo,global,reloc=2,class=CODE,delta=1
    34                           	psect	intret,global,reloc=2,class=CODE,delta=1
    35                           	psect	intentry,global,reloc=2,class=CODE,delta=1
    36                           	psect	intsave_regs,global,class=BIGRAM,space=1,delta=1
    37                           	psect	eeprom_data,global,class=EEDATA,delta=1,noexec
    38                           	psect	ramtop,global,class=RAM,delta=1,noexec
    39                           	psect	stack,global,class=STACK,space=2,delta=1,noexec
    40                           	psect	heap,global,class=HEAP,space=7,delta=1,noexec
    41                           	psect	comram,global,class=COMRAM,space=1,delta=1
    42                           	psect	abs1,global,class=ABS1,space=1,delta=1
    43                           	psect	bigram,global,class=BIGRAM,space=1,delta=1
    44                           	psect	ram,global,class=RAM,space=1,delta=1
    45                           	psect	bank0,global,class=BANK0,space=1,delta=1
    46                           	psect	bank1,global,class=BANK1,space=1,delta=1
    47                           	psect	bank2,global,class=BANK2,space=1,delta=1
    48                           	psect	bank3,global,class=BANK3,space=1,delta=1
    49                           	psect	bank4,global,class=BANK4,space=1,delta=1
    50                           	psect	bank5,global,class=BANK5,space=1,delta=1
    51                           	psect	sfr,global,class=SFR,space=1,delta=1
    52                           	psect	bigsfr,global,class=BIGSFR,space=1,delta=1
    53                           
    54                           ; Microchip MPLAB XC8 C Compiler V2.41
    55                           ; Copyright (C) 2023 Microchip Technology Inc.
    56                           ; Auto-generated runtime startup code for final link stage.
    57                           ;
    58                           ; Compiler options:
    59                           ;
    60                           ; -q --opt=none --chip=18f4580 \
    61                           ; -Mdist/default/debug/Car_black_box.X.debug.map -D__DEBUG=1 \
    62                           ; --debugger=none -DXPRJ_default=default -L--defsym=__MPLAB_BUILD=1 \
    63                           ; --dfp=C:/Program Files/Microchip/MPLABX/v6.15/packs/Microchip/PIC18Fxxxx_DFP/1.4.151/xc8 \
    64                           ; --opt=+asmfile --addrqual=ignore -P --warn=-3 --asmlist --std=c99 \
    65                           ; --output=+elf:multilocs --stack=compiled:auto:auto:auto \
    66                           ; --summary=+xml --summarydir=dist/default/debug/memoryfile.xml \
    67                           ; -oCar_black_box.X.debug.elf --objdir=dist/default/debug \
    68                           ; --outdir=dist/default/debug build/default/debug/main.p1 \
    69                           ; build/default/debug/adc.p1 build/default/debug/car_black_box.p1 \
    70                           ; build/default/debug/clcd.p1 build/default/debug/matrixkeyboard.p1 \
    71                           ; build/default/debug/isr.p1 build/default/debug/password.p1 \
    72                           ; build/default/debug/timer0.p1 build/default/debug/scrolldisplay.p1 \
    73                           ; -L--fixupoverflow=error --callgraph=none \
    74                           ; --errformat=%f:%l:%c: error: (%n) %s \
    75                           ; --warnformat=%f:%l:%c: warning: (%n) %s \
    76                           ; --msgformat=%f:%l:%c: advisory: (%n) %s
    77                           ;
    78   000000                     
    79                           ; Generated 23/03/2023 GMT
    80                           ; 
    81                           ; Copyright © 2023, Microchip Technology Inc. and its subsidiaries ("Microchip")
    82                           ; All rights reserved.
    83                           ; 
    84                           ; This software is developed by Microchip Technology Inc. and its subsidiaries ("Microchip").
    85                           ; 
    86                           ; Redistribution and use in source and binary forms, with or without modification, are
    87                           ; permitted provided that the following conditions are met:
    88                           ; 
    89                           ;     1. Redistributions of source code must retain the above copyright notice, this list of
    90                           ;        conditions and the following disclaimer.
    91                           ; 
    92                           ;     2. Redistributions in binary form must reproduce the above copyright notice, this list
    93                           ;        of conditions and the following disclaimer in the documentation and/or other
    94                           ;        materials provided with the distribution. Publication is not required when
    95                           ;        this file is used in an embedded application.
    96                           ; 
    97                           ;     3. Microchip's name may not be used to endorse or promote products derived from this
    98                           ;        software without specific prior written permission.
    99                           ; 
   100                           ; THIS SOFTWARE IS PROVIDED BY MICROCHIP "AS IS" AND ANY EXPRESS OR IMPLIED WARRANTIES,
   101                           ; INCLUDING, BUT NOT LIMITED TO, THE IMPLIED WARRANTIES OF MERCHANTABILITY AND FITNESS FOR
   102                           ; PURPOSE ARE DISCLAIMED.  IN NO EVENT SHALL MICROCHIP BE LIABLE FOR ANY DIRECT, INDIRECT,
   103                           ; INCIDENTAL, SPECIAL, EXEMPLARY, OR CONSEQUENTIAL DAMAGES (INCLUDING BUT NOT LIMITED TO
   104                           ; PROCUREMENT OF SUBSTITUTE GOODS OR SERVICES; LOSS OF USE, DATA OR PROFITS; OR BUSINESS
   105                           ; INTERRUPTION) HOWSOEVER CAUSED AND ON ANY THEORY OF LIABILITY, WHETHER IN CONTRACT, STRICT
   106                           ; LIABILITY, OR TORT (INCLUDING NEGLIGENCE OR OTHERWISE) ARISING IN ANY WAY OUT OF THE USE OF
   107                           ; THIS SOFTWARE, EVEN IF ADVISED OF THE POSSIBILITY OF SUCH DAMAGE.
   108                           ; 
   109                           ; 
   110                           ; Code-generator required, PIC18F4580 Definitions
   111                           ; 
   112                           ; SFR Addresses
   113   000000                     
   114                           	psect	smallconst
   115   000000                     __smallconst:
   116                           	callstack 0
   117                           
   118                           	psect	mediumconst
   119   007EF0                     __mediumconst:
   120                           	callstack 0	; top of RAM usage
   121                           
   122                           	psect	reset_vec
   123   000000                     
   124                           ; No powerup routine
   125                           ; jump to start
   126   000000  EF07  F000         	goto	start
   127   000000                     
   128                           ;Initialize the stack pointer (FSR1)
   129   000000                     
   130                           	psect	init
   131   00000E                     start:
   132                           	callstack 0
   133   00000E  EF0F  F008         	goto	start_initialization	;jump to C runtime clear & initialization
   134                           
   135                           	psect	text
   136   000000                     intlevel0:
   137                           	callstack 0
   138   000000                     intlevel1:
   139                           	callstack 0
   140   000000                     intlevel2:
   141                           	callstack 0
   142   000000                     intlevel3:
   143                           	callstack 0
   144                           
   145                           	psect	ramtop
   146   000600                     __ramtop:
   147                           	callstack 0
   148                           
   149                           	psect	stack
   150   000000                     ___sp:
   151                           	callstack 0
   152   000000                     ___inthi_sp:
   153                           	callstack 0
   154   000000                     ___intlo_sp:
   155                           	callstack 0
   156                           
   157                           ; No heap to be allocated
   158                           
   159                           	psect	heap
   160   000000                     tosu	equ	0xFFF
   161                           tosh	equ	0xFFE
   162                           tosl	equ	0xFFD
   163                           stkptr	equ	0xFFC
   164                           pclatu	equ	0xFFB
   165                           pclath	equ	0xFFA
   166                           pcl	equ	0xFF9
   167                           tblptru	equ	0xFF8
   168                           tblptrh	equ	0xFF7
   169                           tblptrl	equ	0xFF6
   170                           tablat	equ	0xFF5
   171                           prodh	equ	0xFF4
   172                           prodl	equ	0xFF3
   173                           indf0	equ	0xFEF
   174                           postinc0	equ	0xFEE
   175                           postdec0	equ	0xFED
   176                           preinc0	equ	0xFEC
   177                           plusw0	equ	0xFEB
   178                           fsr0h	equ	0xFEA
   179                           fsr0l	equ	0xFE9
   180                           wreg	equ	0xFE8
   181                           indf1	equ	0xFE7
   182                           postinc1	equ	0xFE6
   183                           postdec1	equ	0xFE5
   184                           preinc1	equ	0xFE4
   185                           plusw1	equ	0xFE3
   186                           fsr1h	equ	0xFE2
   187                           fsr1l	equ	0xFE1
   188                           bsr	equ	0xFE0
   189                           indf2	equ	0xFDF
   190                           postinc2	equ	0xFDE
   191                           postdec2	equ	0xFDD
   192                           preinc2	equ	0xFDC
   193                           plusw2	equ	0xFDB
   194                           fsr2h	equ	0xFDA
   195                           fsr2l	equ	0xFD9
   196                           status	equ	0xFD8


Microchip Technology PIC18 Macro Assembler V2.41 build 20230208172133 
Symbol Table                                                                                               Thu Dec 21 08:20:40 2023

                __S1 0088                 ___sp 0000                 _main 088A                 start 000E  
              __HRAM 0000                __LRAM 0001               isa$std 0001         __mediumconst 7EF0  
             stackhi 0000               stacklo 0000           __accesstop 0060           ___inthi_sp 0000  
         ___intlo_sp 0000              __ramtop 0600  start_initialization 101E            ___heap_hi 0000  
          ___heap_lo 0000          __smallconst 0000             isa$xinst 0000             intlevel0 0000  
           intlevel1 0000             intlevel2 0000             intlevel3 0000             reset_vec 0000  
